<?xml version="1.0" encoding="utf-8" ?>
<!DOCTYPE html PUBLIC "-//W3C//DTD XHTML 1.0 Strict//EN"
        "http://www.w3.org/TR/xhtml1/DTD/xhtml1-strict.dtd">
<html xmlns="http://www.w3.org/1999/xhtml" xml:lang="" lang="">
<head>
  <title>Test Results Report - SeleniumTests</title>
  <meta http-equiv="Content-Type" content="text/html;charset=utf-8" />
  <meta name="description" content="TestNG unit test results." />
  <link href="reportng.css" rel="stylesheet" type="text/css" />
    <script type="text/javascript" src="reportng.js"></script>
</head>
<body>
<h1>SeleniumTests</h1>
<p>
  Test duration: 50.849s
</p>



  <table class="resultsTable">
    <tr><th colspan="3" class="header failed">Failed Tests</th></tr>
          <tr>
        <td colspan="3" class="group">com.inmobi.qa.firefly.tests.SeleniumTest</td>
      </tr>
            
<tr>
  <td class="method">
                  verifySelenium
      </td>
  <td class="duration">
    6.920s
  </td>
  <td class="result">
        
          <i>Method arguments: </i><span class="arguments">"inmobiqa@gmail.com", "thisistest"</span><br />
    
        

        <a href="javascript:toggleElement('exception-0', 'block')" title="Click to expand/collapse"><b>com.thoughtworks.selenium.SeleniumException: Element name:Email not found</b></a><br />
    <div class="stackTrace" id="exception-0">
              org.openqa.selenium.internal.seleniumemulation.ElementFinder.findElement(ElementFinder.java:92)<br />
              org.openqa.selenium.internal.seleniumemulation.Type.handleSeleneseCommand(Type.java:55)<br />
              org.openqa.selenium.internal.seleniumemulation.Type.handleSeleneseCommand(Type.java:27)<br />
              org.openqa.selenium.internal.seleniumemulation.SeleneseCommand.apply(SeleneseCommand.java:38)<br />
              org.openqa.selenium.internal.seleniumemulation.Timer.run(Timer.java:40)<br />
              org.openqa.selenium.WebDriverCommandProcessor.execute(WebDriverCommandProcessor.java:140)<br />
              org.openqa.selenium.WebDriverCommandProcessor.doCommand(WebDriverCommandProcessor.java:70)<br />
              com.thoughtworks.selenium.DefaultSelenium.type(DefaultSelenium.java:317)<br />
              com.inmobi.qa.firefly.tests.SeleniumTest.verifySelenium(SeleniumTest.java:29)<br />
              sun.reflect.NativeMethodAccessorImpl.invoke0(Native Method)<br />
              sun.reflect.NativeMethodAccessorImpl.invoke(NativeMethodAccessorImpl.java:39)<br />
              sun.reflect.DelegatingMethodAccessorImpl.invoke(DelegatingMethodAccessorImpl.java:25)<br />
              java.lang.reflect.Method.invoke(Method.java:597)<br />
              org.testng.internal.MethodInvocationHelper.invokeMethod(MethodInvocationHelper.java:80)<br />
              org.testng.internal.Invoker.invokeMethod(Invoker.java:715)<br />
              org.testng.internal.Invoker.invokeTestMethod(Invoker.java:907)<br />
              org.testng.internal.Invoker.invokeTestMethods(Invoker.java:1237)<br />
              org.testng.internal.TestMethodWorker.invokeTestMethods(TestMethodWorker.java:127)<br />
              org.testng.internal.TestMethodWorker.run(TestMethodWorker.java:111)<br />
              java.util.concurrent.ThreadPoolExecutor$Worker.runTask(ThreadPoolExecutor.java:895)<br />
              java.util.concurrent.ThreadPoolExecutor$Worker.run(ThreadPoolExecutor.java:918)<br />
              java.lang.Thread.run(Thread.java:695)<br />
                    <b>Caused by: </b> <a href="javascript:toggleElement('exception-1', 'block')" title="Click to expand/collapse">org.openqa.selenium.WebDriverException: Element name:Email not found<br/>
Command duration or timeout: 1.59 seconds<br/>
Build info: version: &apos;2.35.0&apos;, revision: &apos;8df0c6bedf70ff9f22c647788f9fe9c8d22210e2&apos;, time: &apos;2013-08-17 12:46:41&apos;<br/>
System info: os.name: &apos;Mac OS X&apos;, os.arch: &apos;x86_64&apos;, os.version: &apos;10.9&apos;, java.version: &apos;1.6.0_65&apos;<br/>
Session ID: 49008d19-6c97-b749-a0ff-7edc64a66533<br/>
Driver info: org.openqa.selenium.firefox.FirefoxDriver<br/>
Capabilities [{platform=MAC, acceptSslCerts=true, javascriptEnabled=true, browserName=firefox, rotatable=false, locationContextEnabled=true, version=24.0, cssSelectorsEnabled=true, databaseEnabled=true, handlesAlerts=true, browserConnectionEnabled=true, nativeEvents=false, webStorageEnabled=true, applicationCacheEnabled=true, takesScreenshot=true}]</a><br />
        <div class="stackTrace" id="exception-1">
                      sun.reflect.NativeConstructorAccessorImpl.newInstance0(Native Method)<br />
                      sun.reflect.NativeConstructorAccessorImpl.newInstance(NativeConstructorAccessorImpl.java:39)<br />
                      sun.reflect.DelegatingConstructorAccessorImpl.newInstance(DelegatingConstructorAccessorImpl.java:27)<br />
                      java.lang.reflect.Constructor.newInstance(Constructor.java:513)<br />
                      org.openqa.selenium.remote.ErrorHandler.createThrowable(ErrorHandler.java:191)<br />
                      org.openqa.selenium.remote.ErrorHandler.throwIfResponseFailed(ErrorHandler.java:145)<br />
                      org.openqa.selenium.remote.RemoteWebDriver.execute(RemoteWebDriver.java:554)<br />
                      org.openqa.selenium.remote.RemoteWebDriver.executeScript(RemoteWebDriver.java:463)<br />
                      org.openqa.selenium.internal.seleniumemulation.ElementFinder.findElement(ElementFinder.java:90)<br />
                      org.openqa.selenium.internal.seleniumemulation.Type.handleSeleneseCommand(Type.java:55)<br />
                      org.openqa.selenium.internal.seleniumemulation.Type.handleSeleneseCommand(Type.java:27)<br />
                      org.openqa.selenium.internal.seleniumemulation.SeleneseCommand.apply(SeleneseCommand.java:38)<br />
                      org.openqa.selenium.internal.seleniumemulation.Timer.run(Timer.java:40)<br />
                      org.openqa.selenium.WebDriverCommandProcessor.execute(WebDriverCommandProcessor.java:140)<br />
                      org.openqa.selenium.WebDriverCommandProcessor.doCommand(WebDriverCommandProcessor.java:70)<br />
                      com.thoughtworks.selenium.DefaultSelenium.type(DefaultSelenium.java:317)<br />
                      com.inmobi.qa.firefly.tests.SeleniumTest.verifySelenium(SeleniumTest.java:29)<br />
                      sun.reflect.NativeMethodAccessorImpl.invoke0(Native Method)<br />
                      sun.reflect.NativeMethodAccessorImpl.invoke(NativeMethodAccessorImpl.java:39)<br />
                      sun.reflect.DelegatingMethodAccessorImpl.invoke(DelegatingMethodAccessorImpl.java:25)<br />
                      java.lang.reflect.Method.invoke(Method.java:597)<br />
                      org.testng.internal.MethodInvocationHelper.invokeMethod(MethodInvocationHelper.java:80)<br />
                      org.testng.internal.Invoker.invokeMethod(Invoker.java:715)<br />
                      org.testng.internal.Invoker.invokeTestMethod(Invoker.java:907)<br />
                      org.testng.internal.Invoker.invokeTestMethods(Invoker.java:1237)<br />
                      org.testng.internal.TestMethodWorker.invokeTestMethods(TestMethodWorker.java:127)<br />
                      org.testng.internal.TestMethodWorker.run(TestMethodWorker.java:111)<br />
                      java.util.concurrent.ThreadPoolExecutor$Worker.runTask(ThreadPoolExecutor.java:895)<br />
                      java.util.concurrent.ThreadPoolExecutor$Worker.run(ThreadPoolExecutor.java:918)<br />
                      java.lang.Thread.run(Thread.java:695)<br />
                  </div>
              <b>Caused by: </b> <a href="javascript:toggleElement('exception-2', 'block')" title="Click to expand/collapse">org.openqa.selenium.remote.ErrorHandler$UnknownServerException: Element name:Email not found<br/>
Build info: version: &apos;2.35.0&apos;, revision: &apos;8df0c6bedf70ff9f22c647788f9fe9c8d22210e2&apos;, time: &apos;2013-08-17 12:46:41&apos;<br/>
System info: os.name: &apos;Mac OS X&apos;, os.arch: &apos;x86_64&apos;, os.version: &apos;10.9&apos;, java.version: &apos;1.6.0_65&apos;<br/>
Driver info: driver.version: unknown</a><br />
        <div class="stackTrace" id="exception-2">
                      &lt;anonymous class&gt;.ja(https://accounts.google.com/ServiceLogin?service=mail&amp;continue=https://mail.google.com/mail/&amp;hl=en:64)<br />
                      &lt;anonymous class&gt;.ka(https://accounts.google.com/ServiceLogin?service=mail&amp;continue=https://mail.google.com/mail/&amp;hl=en:64)<br />
                      &lt;anonymous class&gt;.Pd(https://accounts.google.com/ServiceLogin?service=mail&amp;continue=https://mail.google.com/mail/&amp;hl=en:157)<br />
                      &lt;anonymous class&gt;.&lt;anonymous method&gt;(https://accounts.google.com/ServiceLogin?service=mail&amp;continue=https://mail.google.com/mail/&amp;hl=en:158)<br />
                      &lt;anonymous class&gt;.&lt;anonymous method&gt;(https://accounts.google.com/ServiceLogin?service=mail&amp;continue=https://mail.google.com/mail/&amp;hl=en:158)<br />
                      &lt;anonymous class&gt;.&lt;anonymous method&gt;(https://accounts.google.com/ServiceLogin?service=mail&amp;continue=https://mail.google.com/mail/&amp;hl=en:159)<br />
                      &lt;anonymous class&gt;.anonymous(https://accounts.google.com/ServiceLogin?service=mail&amp;continue=https://mail.google.com/mail/&amp;hl=en:159)<br />
                      &lt;anonymous class&gt;.handleEvaluateEvent(https://accounts.google.com/ServiceLogin?service=mail&amp;continue=https://mail.google.com/mail/&amp;hl=en:60)<br />
                  </div>
          </div>
      </td>
</tr>
      </table>


  
</body>
</html>
