<?xml version="1.0" encoding="UTF-8" ?>
<testsuite failures="4" time="98.24" errors="0" skipped="0" tests="4" name="TestSuite">
  <properties>
    <property name="java.runtime.name" value="Java(TM) SE Runtime Environment"/>
    <property name="sun.boot.library.path" value="/System/Library/Java/JavaVirtualMachines/1.6.0.jdk/Contents/Libraries"/>
    <property name="java.vm.version" value="20.65-b04-462"/>
    <property name="awt.nativeDoubleBuffering" value="true"/>
    <property name="gopherProxySet" value="false"/>
    <property name="mrj.build" value="11M4609"/>
    <property name="java.vm.vendor" value="Apple Inc."/>
    <property name="java.vendor.url" value="http://www.apple.com/"/>
    <property name="path.separator" value=":"/>
    <property name="java.vm.name" value="Java HotSpot(TM) 64-Bit Server VM"/>
    <property name="file.encoding.pkg" value="sun.io"/>
    <property name="user.country" value="US"/>
    <property name="sun.java.launcher" value="SUN_STANDARD"/>
    <property name="sun.os.patch.level" value="unknown"/>
    <property name="java.vm.specification.name" value="Java Virtual Machine Specification"/>
    <property name="user.dir" value="/Users/priyadarshi.kunal/Development/ui-test-commons"/>
    <property name="java.runtime.version" value="1.6.0_65-b14-462-11M4609"/>
    <property name="java.awt.graphicsenv" value="apple.awt.CGraphicsEnvironment"/>
    <property name="basedir" value="/Users/priyadarshi.kunal/Development/ui-test-commons"/>
    <property name="java.endorsed.dirs" value="/System/Library/Java/JavaVirtualMachines/1.6.0.jdk/Contents/Home/lib/endorsed"/>
    <property name="os.arch" value="x86_64"/>
    <property name="surefire.real.class.path" value="/var/folders/4h/q55tj03106q8tn3y0rgyy3m4k2wmq_/T/surefirebooter304441911059826180.jar"/>
    <property name="java.io.tmpdir" value="/var/folders/4h/q55tj03106q8tn3y0rgyy3m4k2wmq_/T/"/>
    <property name="line.separator" value="
"/>
    <property name="java.vm.specification.vendor" value="Sun Microsystems Inc."/>
    <property name="os.name" value="Mac OS X"/>
    <property name="sun.jnu.encoding" value="MacRoman"/>
    <property name="java.library.path" value=".:/Library/Java/Extensions:/System/Library/Java/Extensions:/usr/lib/java"/>
    <property name="surefire.test.class.path" value="/Users/priyadarshi.kunal/Development/ui-test-commons/target/test-classes:/Users/priyadarshi.kunal/Development/ui-test-commons/target/classes:/Users/priyadarshi.kunal/.m2/repository/org/andidev/webdriver-extension/1.0.M1-SNAPSHOT/webdriver-extension-1.0.M1-SNAPSHOT.jar:/Users/priyadarshi.kunal/.m2/repository/com/sun/codemodel/codemodel/2.6/codemodel-2.6.jar:/Users/priyadarshi.kunal/.m2/repository/org/apache/commons/commons-lang3/3.1/commons-lang3-3.1.jar:/Users/priyadarshi.kunal/.m2/repository/com/google/code/gson/gson/2.2.3/gson-2.2.3.jar:/Users/priyadarshi.kunal/.m2/repository/junit/junit/4.11/junit-4.11.jar:/Users/priyadarshi.kunal/.m2/repository/org/hamcrest/hamcrest-core/1.3/hamcrest-core-1.3.jar:/Users/priyadarshi.kunal/.m2/repository/com/googlecode/lambdaj/lambdaj/2.3.3/lambdaj-2.3.3.jar:/Users/priyadarshi.kunal/.m2/repository/org/hamcrest/hamcrest-all/1.1/hamcrest-all-1.1.jar:/Users/priyadarshi.kunal/.m2/repository/org/objenesis/objenesis/1.2/objenesis-1.2.jar:/Users/priyadarshi.kunal/.m2/repository/cglib/cglib-nodep/2.2/cglib-nodep-2.2.jar:/Users/priyadarshi.kunal/.m2/repository/ch/qos/logback/logback-classic/1.0.9/logback-classic-1.0.9.jar:/Users/priyadarshi.kunal/.m2/repository/ch/qos/logback/logback-core/1.0.9/logback-core-1.0.9.jar:/Users/priyadarshi.kunal/.m2/repository/com/google/guava/guava/15.0/guava-15.0.jar:/Users/priyadarshi.kunal/.m2/repository/com/google/inject/guice/3.0/guice-3.0.jar:/Users/priyadarshi.kunal/.m2/repository/javax/inject/javax.inject/1/javax.inject-1.jar:/Users/priyadarshi.kunal/.m2/repository/aopalliance/aopalliance/1.0/aopalliance-1.0.jar:/Users/priyadarshi.kunal/.m2/repository/commons-configuration/commons-configuration/1.8/commons-configuration-1.8.jar:/Users/priyadarshi.kunal/.m2/repository/commons-logging/commons-logging/1.1.1/commons-logging-1.1.1.jar:/Users/priyadarshi.kunal/.m2/repository/org/testng/testng/6.6/testng-6.6.jar:/Users/priyadarshi.kunal/.m2/repository/org/beanshell/bsh/2.0b4/bsh-2.0b4.jar:/Users/priyadarshi.kunal/.m2/repository/com/beust/jcommander/1.12/jcommander-1.12.jar:/Users/priyadarshi.kunal/.m2/repository/org/yaml/snakeyaml/1.6/snakeyaml-1.6.jar:/Users/priyadarshi.kunal/.m2/repository/commons-lang/commons-lang/2.6/commons-lang-2.6.jar:/Users/priyadarshi.kunal/.m2/repository/org/seleniumhq/selenium/selenium-java/2.35.0/selenium-java-2.35.0.jar:/Users/priyadarshi.kunal/.m2/repository/org/seleniumhq/selenium/selenium-android-driver/2.35.0/selenium-android-driver-2.35.0.jar:/Users/priyadarshi.kunal/.m2/repository/org/seleniumhq/selenium/selenium-remote-driver/2.35.0/selenium-remote-driver-2.35.0.jar:/Users/priyadarshi.kunal/.m2/repository/org/json/json/20080701/json-20080701.jar:/Users/priyadarshi.kunal/.m2/repository/org/seleniumhq/selenium/selenium-chrome-driver/2.35.0/selenium-chrome-driver-2.35.0.jar:/Users/priyadarshi.kunal/.m2/repository/org/seleniumhq/selenium/selenium-htmlunit-driver/2.35.0/selenium-htmlunit-driver-2.35.0.jar:/Users/priyadarshi.kunal/.m2/repository/net/sourceforge/htmlunit/htmlunit/2.12/htmlunit-2.12.jar:/Users/priyadarshi.kunal/.m2/repository/xalan/xalan/2.7.1/xalan-2.7.1.jar:/Users/priyadarshi.kunal/.m2/repository/xalan/serializer/2.7.1/serializer-2.7.1.jar:/Users/priyadarshi.kunal/.m2/repository/commons-collections/commons-collections/3.2.1/commons-collections-3.2.1.jar:/Users/priyadarshi.kunal/.m2/repository/org/apache/httpcomponents/httpmime/4.2.3/httpmime-4.2.3.jar:/Users/priyadarshi.kunal/.m2/repository/net/sourceforge/htmlunit/htmlunit-core-js/2.12/htmlunit-core-js-2.12.jar:/Users/priyadarshi.kunal/.m2/repository/xerces/xercesImpl/2.10.0/xercesImpl-2.10.0.jar:/Users/priyadarshi.kunal/.m2/repository/xml-apis/xml-apis/1.4.01/xml-apis-1.4.01.jar:/Users/priyadarshi.kunal/.m2/repository/net/sourceforge/nekohtml/nekohtml/1.9.18/nekohtml-1.9.18.jar:/Users/priyadarshi.kunal/.m2/repository/net/sourceforge/cssparser/cssparser/0.9.9/cssparser-0.9.9.jar:/Users/priyadarshi.kunal/.m2/repository/org/w3c/css/sac/1.3/sac-1.3.jar:/Users/priyadarshi.kunal/.m2/repository/org/eclipse/jetty/jetty-websocket/8.1.9.v20130131/jetty-websocket-8.1.9.v20130131.jar:/Users/priyadarshi.kunal/.m2/repository/org/eclipse/jetty/jetty-util/8.1.9.v20130131/jetty-util-8.1.9.v20130131.jar:/Users/priyadarshi.kunal/.m2/repository/org/eclipse/jetty/jetty-io/8.1.9.v20130131/jetty-io-8.1.9.v20130131.jar:/Users/priyadarshi.kunal/.m2/repository/org/eclipse/jetty/jetty-http/8.1.9.v20130131/jetty-http-8.1.9.v20130131.jar:/Users/priyadarshi.kunal/.m2/repository/org/apache/httpcomponents/httpclient/4.2.1/httpclient-4.2.1.jar:/Users/priyadarshi.kunal/.m2/repository/org/apache/httpcomponents/httpcore/4.2.1/httpcore-4.2.1.jar:/Users/priyadarshi.kunal/.m2/repository/org/seleniumhq/selenium/selenium-firefox-driver/2.35.0/selenium-firefox-driver-2.35.0.jar:/Users/priyadarshi.kunal/.m2/repository/org/apache/commons/commons-exec/1.1/commons-exec-1.1.jar:/Users/priyadarshi.kunal/.m2/repository/org/seleniumhq/selenium/selenium-ie-driver/2.35.0/selenium-ie-driver-2.35.0.jar:/Users/priyadarshi.kunal/.m2/repository/net/java/dev/jna/jna/3.4.0/jna-3.4.0.jar:/Users/priyadarshi.kunal/.m2/repository/net/java/dev/jna/platform/3.4.0/platform-3.4.0.jar:/Users/priyadarshi.kunal/.m2/repository/org/seleniumhq/selenium/selenium-iphone-driver/2.35.0/selenium-iphone-driver-2.35.0.jar:/Users/priyadarshi.kunal/.m2/repository/org/seleniumhq/selenium/selenium-safari-driver/2.35.0/selenium-safari-driver-2.35.0.jar:/Users/priyadarshi.kunal/.m2/repository/org/seleniumhq/selenium/selenium-support/2.35.0/selenium-support-2.35.0.jar:/Users/priyadarshi.kunal/.m2/repository/org/seleniumhq/selenium/selenium-api/2.35.0/selenium-api-2.35.0.jar:/Users/priyadarshi.kunal/.m2/repository/org/webbitserver/webbit/0.4.14/webbit-0.4.14.jar:/Users/priyadarshi.kunal/.m2/repository/io/netty/netty/3.5.2.Final/netty-3.5.2.Final.jar:/Users/priyadarshi.kunal/.m2/repository/org/aspectj/aspectjrt/1.6.11/aspectjrt-1.6.11.jar:/Users/priyadarshi.kunal/.m2/repository/log4j/log4j/1.2.17/log4j-1.2.17.jar:/Users/priyadarshi.kunal/.m2/repository/org/slf4j/slf4j-log4j12/1.7.5/slf4j-log4j12-1.7.5.jar:/Users/priyadarshi.kunal/.m2/repository/org/slf4j/slf4j-api/1.7.5/slf4j-api-1.7.5.jar:/Users/priyadarshi.kunal/.m2/repository/commons-io/commons-io/1.3.2/commons-io-1.3.2.jar:/Users/priyadarshi.kunal/.m2/repository/com/googlecode/json-simple/json-simple/1.1/json-simple-1.1.jar:/Users/priyadarshi.kunal/.m2/repository/com/googlecode/fighting-layout-bugs/fighting-layout-bugs/0.5/fighting-layout-bugs-0.5.jar:/Users/priyadarshi.kunal/.m2/repository/commons-codec/commons-codec/1.6/commons-codec-1.6.jar:/Users/priyadarshi.kunal/.m2/repository/commons-httpclient/commons-httpclient/3.1/commons-httpclient-3.1.jar:/Users/priyadarshi.kunal/.m2/repository/org/uncommons/reportng/1.1.2/reportng-1.1.2.jar:/Users/priyadarshi.kunal/.m2/repository/velocity/velocity/1.4/velocity-1.4.jar:/Users/priyadarshi.kunal/.m2/repository/velocity/velocity-dep/1.4/velocity-dep-1.4.jar:/Users/priyadarshi.kunal/.m2/repository/org/apache/poi/poi/3.8/poi-3.8.jar:/Users/priyadarshi.kunal/.m2/repository/net/sf/testngdatabind/testng-databinding-util/2.0/testng-databinding-util-2.0.jar:/Users/priyadarshi.kunal/.m2/repository/net/sf/testngdatabind/testng-databinding-core/2.0/testng-databinding-core-2.0.jar:/Users/priyadarshi.kunal/.m2/repository/net/sf/extcos/extcos/0.4b/extcos-0.4b.jar:/Users/priyadarshi.kunal/.m2/repository/org/ow2/asm/asm-all/4.0/asm-all-4.0.jar:/Users/priyadarshi.kunal/.m2/repository/net/sf/testngdatabind/testng-databinding-csv/2.0/testng-databinding-csv-2.0.jar:/Users/priyadarshi.kunal/.m2/repository/net/sf/opencsv/opencsv/2.3/opencsv-2.3.jar:/Users/priyadarshi.kunal/.m2/repository/net/sf/testngdatabind/testng-databinding-properties/2.0/testng-databinding-properties-2.0.jar:/Users/priyadarshi.kunal/.m2/repository/net/sf/testngdatabind/testng-databinding-text/2.0/testng-databinding-text-2.0.jar:/Users/priyadarshi.kunal/.m2/repository/net/sf/testngdatabind/testng-databinding-xml/2.0/testng-databinding-xml-2.0.jar:"/>
    <property name="java.specification.name" value="Java Platform API Specification"/>
    <property name="java.class.version" value="50.0"/>
    <property name="sun.management.compiler" value="HotSpot 64-Bit Tiered Compilers"/>
    <property name="os.version" value="10.9"/>
    <property name="http.nonProxyHosts" value="local|*.local|169.254/16|*.169.254/16"/>
    <property name="user.home" value="/Users/priyadarshi.kunal"/>
    <property name="user.timezone" value="GMT+05:30"/>
    <property name="java.awt.printerjob" value="apple.awt.CPrinterJob"/>
    <property name="java.specification.version" value="1.6"/>
    <property name="file.encoding" value="MacRoman"/>
    <property name="user.name" value="priyadarshi.kunal"/>
    <property name="java.class.path" value="/Users/priyadarshi.kunal/Development/ui-test-commons/target/test-classes:/Users/priyadarshi.kunal/Development/ui-test-commons/target/classes:/Users/priyadarshi.kunal/.m2/repository/org/andidev/webdriver-extension/1.0.M1-SNAPSHOT/webdriver-extension-1.0.M1-SNAPSHOT.jar:/Users/priyadarshi.kunal/.m2/repository/com/sun/codemodel/codemodel/2.6/codemodel-2.6.jar:/Users/priyadarshi.kunal/.m2/repository/org/apache/commons/commons-lang3/3.1/commons-lang3-3.1.jar:/Users/priyadarshi.kunal/.m2/repository/com/google/code/gson/gson/2.2.3/gson-2.2.3.jar:/Users/priyadarshi.kunal/.m2/repository/junit/junit/4.11/junit-4.11.jar:/Users/priyadarshi.kunal/.m2/repository/org/hamcrest/hamcrest-core/1.3/hamcrest-core-1.3.jar:/Users/priyadarshi.kunal/.m2/repository/com/googlecode/lambdaj/lambdaj/2.3.3/lambdaj-2.3.3.jar:/Users/priyadarshi.kunal/.m2/repository/org/hamcrest/hamcrest-all/1.1/hamcrest-all-1.1.jar:/Users/priyadarshi.kunal/.m2/repository/org/objenesis/objenesis/1.2/objenesis-1.2.jar:/Users/priyadarshi.kunal/.m2/repository/cglib/cglib-nodep/2.2/cglib-nodep-2.2.jar:/Users/priyadarshi.kunal/.m2/repository/ch/qos/logback/logback-classic/1.0.9/logback-classic-1.0.9.jar:/Users/priyadarshi.kunal/.m2/repository/ch/qos/logback/logback-core/1.0.9/logback-core-1.0.9.jar:/Users/priyadarshi.kunal/.m2/repository/com/google/guava/guava/15.0/guava-15.0.jar:/Users/priyadarshi.kunal/.m2/repository/com/google/inject/guice/3.0/guice-3.0.jar:/Users/priyadarshi.kunal/.m2/repository/javax/inject/javax.inject/1/javax.inject-1.jar:/Users/priyadarshi.kunal/.m2/repository/aopalliance/aopalliance/1.0/aopalliance-1.0.jar:/Users/priyadarshi.kunal/.m2/repository/commons-configuration/commons-configuration/1.8/commons-configuration-1.8.jar:/Users/priyadarshi.kunal/.m2/repository/commons-logging/commons-logging/1.1.1/commons-logging-1.1.1.jar:/Users/priyadarshi.kunal/.m2/repository/org/testng/testng/6.6/testng-6.6.jar:/Users/priyadarshi.kunal/.m2/repository/org/beanshell/bsh/2.0b4/bsh-2.0b4.jar:/Users/priyadarshi.kunal/.m2/repository/com/beust/jcommander/1.12/jcommander-1.12.jar:/Users/priyadarshi.kunal/.m2/repository/org/yaml/snakeyaml/1.6/snakeyaml-1.6.jar:/Users/priyadarshi.kunal/.m2/repository/commons-lang/commons-lang/2.6/commons-lang-2.6.jar:/Users/priyadarshi.kunal/.m2/repository/org/seleniumhq/selenium/selenium-java/2.35.0/selenium-java-2.35.0.jar:/Users/priyadarshi.kunal/.m2/repository/org/seleniumhq/selenium/selenium-android-driver/2.35.0/selenium-android-driver-2.35.0.jar:/Users/priyadarshi.kunal/.m2/repository/org/seleniumhq/selenium/selenium-remote-driver/2.35.0/selenium-remote-driver-2.35.0.jar:/Users/priyadarshi.kunal/.m2/repository/org/json/json/20080701/json-20080701.jar:/Users/priyadarshi.kunal/.m2/repository/org/seleniumhq/selenium/selenium-chrome-driver/2.35.0/selenium-chrome-driver-2.35.0.jar:/Users/priyadarshi.kunal/.m2/repository/org/seleniumhq/selenium/selenium-htmlunit-driver/2.35.0/selenium-htmlunit-driver-2.35.0.jar:/Users/priyadarshi.kunal/.m2/repository/net/sourceforge/htmlunit/htmlunit/2.12/htmlunit-2.12.jar:/Users/priyadarshi.kunal/.m2/repository/xalan/xalan/2.7.1/xalan-2.7.1.jar:/Users/priyadarshi.kunal/.m2/repository/xalan/serializer/2.7.1/serializer-2.7.1.jar:/Users/priyadarshi.kunal/.m2/repository/commons-collections/commons-collections/3.2.1/commons-collections-3.2.1.jar:/Users/priyadarshi.kunal/.m2/repository/org/apache/httpcomponents/httpmime/4.2.3/httpmime-4.2.3.jar:/Users/priyadarshi.kunal/.m2/repository/net/sourceforge/htmlunit/htmlunit-core-js/2.12/htmlunit-core-js-2.12.jar:/Users/priyadarshi.kunal/.m2/repository/xerces/xercesImpl/2.10.0/xercesImpl-2.10.0.jar:/Users/priyadarshi.kunal/.m2/repository/xml-apis/xml-apis/1.4.01/xml-apis-1.4.01.jar:/Users/priyadarshi.kunal/.m2/repository/net/sourceforge/nekohtml/nekohtml/1.9.18/nekohtml-1.9.18.jar:/Users/priyadarshi.kunal/.m2/repository/net/sourceforge/cssparser/cssparser/0.9.9/cssparser-0.9.9.jar:/Users/priyadarshi.kunal/.m2/repository/org/w3c/css/sac/1.3/sac-1.3.jar:/Users/priyadarshi.kunal/.m2/repository/org/eclipse/jetty/jetty-websocket/8.1.9.v20130131/jetty-websocket-8.1.9.v20130131.jar:/Users/priyadarshi.kunal/.m2/repository/org/eclipse/jetty/jetty-util/8.1.9.v20130131/jetty-util-8.1.9.v20130131.jar:/Users/priyadarshi.kunal/.m2/repository/org/eclipse/jetty/jetty-io/8.1.9.v20130131/jetty-io-8.1.9.v20130131.jar:/Users/priyadarshi.kunal/.m2/repository/org/eclipse/jetty/jetty-http/8.1.9.v20130131/jetty-http-8.1.9.v20130131.jar:/Users/priyadarshi.kunal/.m2/repository/org/apache/httpcomponents/httpclient/4.2.1/httpclient-4.2.1.jar:/Users/priyadarshi.kunal/.m2/repository/org/apache/httpcomponents/httpcore/4.2.1/httpcore-4.2.1.jar:/Users/priyadarshi.kunal/.m2/repository/org/seleniumhq/selenium/selenium-firefox-driver/2.35.0/selenium-firefox-driver-2.35.0.jar:/Users/priyadarshi.kunal/.m2/repository/org/apache/commons/commons-exec/1.1/commons-exec-1.1.jar:/Users/priyadarshi.kunal/.m2/repository/org/seleniumhq/selenium/selenium-ie-driver/2.35.0/selenium-ie-driver-2.35.0.jar:/Users/priyadarshi.kunal/.m2/repository/net/java/dev/jna/jna/3.4.0/jna-3.4.0.jar:/Users/priyadarshi.kunal/.m2/repository/net/java/dev/jna/platform/3.4.0/platform-3.4.0.jar:/Users/priyadarshi.kunal/.m2/repository/org/seleniumhq/selenium/selenium-iphone-driver/2.35.0/selenium-iphone-driver-2.35.0.jar:/Users/priyadarshi.kunal/.m2/repository/org/seleniumhq/selenium/selenium-safari-driver/2.35.0/selenium-safari-driver-2.35.0.jar:/Users/priyadarshi.kunal/.m2/repository/org/seleniumhq/selenium/selenium-support/2.35.0/selenium-support-2.35.0.jar:/Users/priyadarshi.kunal/.m2/repository/org/seleniumhq/selenium/selenium-api/2.35.0/selenium-api-2.35.0.jar:/Users/priyadarshi.kunal/.m2/repository/org/webbitserver/webbit/0.4.14/webbit-0.4.14.jar:/Users/priyadarshi.kunal/.m2/repository/io/netty/netty/3.5.2.Final/netty-3.5.2.Final.jar:/Users/priyadarshi.kunal/.m2/repository/org/aspectj/aspectjrt/1.6.11/aspectjrt-1.6.11.jar:/Users/priyadarshi.kunal/.m2/repository/log4j/log4j/1.2.17/log4j-1.2.17.jar:/Users/priyadarshi.kunal/.m2/repository/org/slf4j/slf4j-log4j12/1.7.5/slf4j-log4j12-1.7.5.jar:/Users/priyadarshi.kunal/.m2/repository/org/slf4j/slf4j-api/1.7.5/slf4j-api-1.7.5.jar:/Users/priyadarshi.kunal/.m2/repository/commons-io/commons-io/1.3.2/commons-io-1.3.2.jar:/Users/priyadarshi.kunal/.m2/repository/com/googlecode/json-simple/json-simple/1.1/json-simple-1.1.jar:/Users/priyadarshi.kunal/.m2/repository/com/googlecode/fighting-layout-bugs/fighting-layout-bugs/0.5/fighting-layout-bugs-0.5.jar:/Users/priyadarshi.kunal/.m2/repository/commons-codec/commons-codec/1.6/commons-codec-1.6.jar:/Users/priyadarshi.kunal/.m2/repository/commons-httpclient/commons-httpclient/3.1/commons-httpclient-3.1.jar:/Users/priyadarshi.kunal/.m2/repository/org/uncommons/reportng/1.1.2/reportng-1.1.2.jar:/Users/priyadarshi.kunal/.m2/repository/velocity/velocity/1.4/velocity-1.4.jar:/Users/priyadarshi.kunal/.m2/repository/velocity/velocity-dep/1.4/velocity-dep-1.4.jar:/Users/priyadarshi.kunal/.m2/repository/org/apache/poi/poi/3.8/poi-3.8.jar:/Users/priyadarshi.kunal/.m2/repository/net/sf/testngdatabind/testng-databinding-util/2.0/testng-databinding-util-2.0.jar:/Users/priyadarshi.kunal/.m2/repository/net/sf/testngdatabind/testng-databinding-core/2.0/testng-databinding-core-2.0.jar:/Users/priyadarshi.kunal/.m2/repository/net/sf/extcos/extcos/0.4b/extcos-0.4b.jar:/Users/priyadarshi.kunal/.m2/repository/org/ow2/asm/asm-all/4.0/asm-all-4.0.jar:/Users/priyadarshi.kunal/.m2/repository/net/sf/testngdatabind/testng-databinding-csv/2.0/testng-databinding-csv-2.0.jar:/Users/priyadarshi.kunal/.m2/repository/net/sf/opencsv/opencsv/2.3/opencsv-2.3.jar:/Users/priyadarshi.kunal/.m2/repository/net/sf/testngdatabind/testng-databinding-properties/2.0/testng-databinding-properties-2.0.jar:/Users/priyadarshi.kunal/.m2/repository/net/sf/testngdatabind/testng-databinding-text/2.0/testng-databinding-text-2.0.jar:/Users/priyadarshi.kunal/.m2/repository/net/sf/testngdatabind/testng-databinding-xml/2.0/testng-databinding-xml-2.0.jar:"/>
    <property name="java.vm.specification.version" value="1.0"/>
    <property name="sun.arch.data.model" value="64"/>
    <property name="java.home" value="/System/Library/Java/JavaVirtualMachines/1.6.0.jdk/Contents/Home"/>
    <property name="sun.java.command" value="/var/folders/4h/q55tj03106q8tn3y0rgyy3m4k2wmq_/T/surefirebooter304441911059826180.jar /var/folders/4h/q55tj03106q8tn3y0rgyy3m4k2wmq_/T/surefire8510963014981567486tmp /var/folders/4h/q55tj03106q8tn3y0rgyy3m4k2wmq_/T/surefire852511211629834309tmp"/>
    <property name="java.specification.vendor" value="Sun Microsystems Inc."/>
    <property name="user.language" value="en"/>
    <property name="awt.toolkit" value="apple.awt.CToolkit"/>
    <property name="java.vm.info" value="mixed mode"/>
    <property name="java.version" value="1.6.0_65"/>
    <property name="java.ext.dirs" value="/Library/Java/Extensions:/System/Library/Java/Extensions:/System/Library/Java/JavaVirtualMachines/1.6.0.jdk/Contents/Home/lib/ext"/>
    <property name="sun.boot.class.path" value="/System/Library/Java/JavaVirtualMachines/1.6.0.jdk/Contents/Classes/jsfd.jar:/System/Library/Java/JavaVirtualMachines/1.6.0.jdk/Contents/Classes/classes.jar:/System/Library/Frameworks/JavaVM.framework/Frameworks/JavaRuntimeSupport.framework/Resources/Java/JavaRuntimeSupport.jar:/System/Library/Java/JavaVirtualMachines/1.6.0.jdk/Contents/Classes/ui.jar:/System/Library/Java/JavaVirtualMachines/1.6.0.jdk/Contents/Classes/laf.jar:/System/Library/Java/JavaVirtualMachines/1.6.0.jdk/Contents/Classes/sunrsasign.jar:/System/Library/Java/JavaVirtualMachines/1.6.0.jdk/Contents/Classes/jsse.jar:/System/Library/Java/JavaVirtualMachines/1.6.0.jdk/Contents/Classes/jce.jar:/System/Library/Java/JavaVirtualMachines/1.6.0.jdk/Contents/Classes/charsets.jar"/>
    <property name="java.vendor" value="Apple Inc."/>
    <property name="localRepository" value="/Users/priyadarshi.kunal/.m2/repository"/>
    <property name="file.separator" value="/"/>
    <property name="java.vendor.url.bug" value="http://bugreport.apple.com/"/>
    <property name="sun.cpu.endian" value="little"/>
    <property name="sun.io.unicode.encoding" value="UnicodeLittle"/>
    <property name="mrj.version" value="1070.1.6.0_65-462"/>
    <property name="socksNonProxyHosts" value="local|*.local|169.254/16|*.169.254/16"/>
    <property name="ftp.nonProxyHosts" value="local|*.local|169.254/16|*.169.254/16"/>
    <property name="sun.cpu.isalist" value=""/>
  </properties>
  <testcase time="7.066" classname="com.inmobi.qa.firefly.tests.SeleniumTest" name="verifySelenium">
    <failure message="Element name:Email not found" type="com.thoughtworks.selenium.SeleniumException">com.thoughtworks.selenium.SeleniumException: Element name:Email not found
	at org.openqa.selenium.internal.seleniumemulation.ElementFinder.findElement(ElementFinder.java:92)
	at org.openqa.selenium.internal.seleniumemulation.Type.handleSeleneseCommand(Type.java:55)
	at org.openqa.selenium.internal.seleniumemulation.Type.handleSeleneseCommand(Type.java:27)
	at org.openqa.selenium.internal.seleniumemulation.SeleneseCommand.apply(SeleneseCommand.java:38)
	at org.openqa.selenium.internal.seleniumemulation.Timer.run(Timer.java:40)
	at org.openqa.selenium.WebDriverCommandProcessor.execute(WebDriverCommandProcessor.java:140)
	at org.openqa.selenium.WebDriverCommandProcessor.doCommand(WebDriverCommandProcessor.java:70)
	at com.thoughtworks.selenium.DefaultSelenium.type(DefaultSelenium.java:317)
	at com.inmobi.qa.firefly.tests.SeleniumTest.verifySelenium(SeleniumTest.java:29)
Caused by: org.openqa.selenium.WebDriverException: Element name:Email not found
Command duration or timeout: 1.59 seconds
Build info: version: &apos;2.35.0&apos;, revision: &apos;8df0c6bedf70ff9f22c647788f9fe9c8d22210e2&apos;, time: &apos;2013-08-17 12:46:41&apos;
System info: os.name: &apos;Mac OS X&apos;, os.arch: &apos;x86_64&apos;, os.version: &apos;10.9&apos;, java.version: &apos;1.6.0_65&apos;
Session ID: 49008d19-6c97-b749-a0ff-7edc64a66533
Driver info: org.openqa.selenium.firefox.FirefoxDriver
Capabilities [{platform=MAC, acceptSslCerts=true, javascriptEnabled=true, browserName=firefox, rotatable=false, locationContextEnabled=true, version=24.0, cssSelectorsEnabled=true, databaseEnabled=true, handlesAlerts=true, browserConnectionEnabled=true, nativeEvents=false, webStorageEnabled=true, applicationCacheEnabled=true, takesScreenshot=true}]
	at sun.reflect.NativeConstructorAccessorImpl.newInstance0(Native Method)
	at sun.reflect.NativeConstructorAccessorImpl.newInstance(NativeConstructorAccessorImpl.java:39)
	at sun.reflect.DelegatingConstructorAccessorImpl.newInstance(DelegatingConstructorAccessorImpl.java:27)
	at java.lang.reflect.Constructor.newInstance(Constructor.java:513)
	at org.openqa.selenium.remote.ErrorHandler.createThrowable(ErrorHandler.java:191)
	at org.openqa.selenium.remote.ErrorHandler.throwIfResponseFailed(ErrorHandler.java:145)
	at org.openqa.selenium.remote.RemoteWebDriver.execute(RemoteWebDriver.java:554)
	at org.openqa.selenium.remote.RemoteWebDriver.executeScript(RemoteWebDriver.java:463)
	at org.openqa.selenium.internal.seleniumemulation.ElementFinder.findElement(ElementFinder.java:90)
	... 21 more
Caused by: org.openqa.selenium.remote.ErrorHandler$UnknownServerException: Element name:Email not found
Build info: version: &apos;2.35.0&apos;, revision: &apos;8df0c6bedf70ff9f22c647788f9fe9c8d22210e2&apos;, time: &apos;2013-08-17 12:46:41&apos;
System info: os.name: &apos;Mac OS X&apos;, os.arch: &apos;x86_64&apos;, os.version: &apos;10.9&apos;, java.version: &apos;1.6.0_65&apos;
Driver info: driver.version: unknown
	at &lt;anonymous class&gt;.ja(https://accounts.google.com/ServiceLogin?service=mail&amp;continue=https://mail.google.com/mail/&amp;hl=en:64)
	at &lt;anonymous class&gt;.ka(https://accounts.google.com/ServiceLogin?service=mail&amp;continue=https://mail.google.com/mail/&amp;hl=en:64)
	at &lt;anonymous class&gt;.Pd(https://accounts.google.com/ServiceLogin?service=mail&amp;continue=https://mail.google.com/mail/&amp;hl=en:157)
	at &lt;anonymous class&gt;.&lt;anonymous method&gt;(https://accounts.google.com/ServiceLogin?service=mail&amp;continue=https://mail.google.com/mail/&amp;hl=en:158)
	at &lt;anonymous class&gt;.&lt;anonymous method&gt;(https://accounts.google.com/ServiceLogin?service=mail&amp;continue=https://mail.google.com/mail/&amp;hl=en:158)
	at &lt;anonymous class&gt;.&lt;anonymous method&gt;(https://accounts.google.com/ServiceLogin?service=mail&amp;continue=https://mail.google.com/mail/&amp;hl=en:159)
	at &lt;anonymous class&gt;.anonymous(https://accounts.google.com/ServiceLogin?service=mail&amp;continue=https://mail.google.com/mail/&amp;hl=en:159)
	at &lt;anonymous class&gt;.handleEvaluateEvent(https://accounts.google.com/ServiceLogin?service=mail&amp;continue=https://mail.google.com/mail/&amp;hl=en:60)
</failure>
    <system-out>01:58:24.435 [pool-2-thread-1] INFO  c.i.qa.firefly.aspects.StepLogger - Step: com.inmobi.qa.firefly.tests.SeleniumTest	verifySelenium	2013-11-28 01:58:24.435	com.thoughtworks.selenium.DefaultSelenium	type	On: [name:Email]	With: inmobiqa@gmail.com
</system-out>
  </testcase>
  <testcase time="0.62" classname="com.inmobi.qa.firefly.tests.WebDriverTest" name="verifyWebDriver">
    <failure message="Unable to locate element: {&quot;method&quot;:&quot;name&quot;,&quot;selector&quot;:&quot;Email&quot;}
Command duration or timeout: 437 milliseconds
For documentation on this error, please visit: http://seleniumhq.org/exceptions/no_such_element.html
Build info: version: &apos;2.35.0&apos;, revision: &apos;8df0c6bedf70ff9f22c647788f9fe9c8d22210e2&apos;, time: &apos;2013-08-17 12:46:41&apos;
System info: os.name: &apos;Mac OS X&apos;, os.arch: &apos;x86_64&apos;, os.version: &apos;10.9&apos;, java.version: &apos;1.6.0_65&apos;
Session ID: 40244b4c-efa8-5944-9079-bb9955601ec9
Driver info: org.openqa.selenium.firefox.FirefoxDriver
Capabilities [{platform=MAC, acceptSslCerts=true, javascriptEnabled=true, browserName=firefox, rotatable=false, locationContextEnabled=true, version=24.0, cssSelectorsEnabled=true, databaseEnabled=true, handlesAlerts=true, browserConnectionEnabled=true, nativeEvents=false, webStorageEnabled=true, applicationCacheEnabled=true, takesScreenshot=true}]" type="org.openqa.selenium.NoSuchElementException">org.openqa.selenium.NoSuchElementException: Unable to locate element: {&quot;method&quot;:&quot;name&quot;,&quot;selector&quot;:&quot;Email&quot;}
Command duration or timeout: 437 milliseconds
For documentation on this error, please visit: http://seleniumhq.org/exceptions/no_such_element.html
Build info: version: &apos;2.35.0&apos;, revision: &apos;8df0c6bedf70ff9f22c647788f9fe9c8d22210e2&apos;, time: &apos;2013-08-17 12:46:41&apos;
System info: os.name: &apos;Mac OS X&apos;, os.arch: &apos;x86_64&apos;, os.version: &apos;10.9&apos;, java.version: &apos;1.6.0_65&apos;
Session ID: 40244b4c-efa8-5944-9079-bb9955601ec9
Driver info: org.openqa.selenium.firefox.FirefoxDriver
Capabilities [{platform=MAC, acceptSslCerts=true, javascriptEnabled=true, browserName=firefox, rotatable=false, locationContextEnabled=true, version=24.0, cssSelectorsEnabled=true, databaseEnabled=true, handlesAlerts=true, browserConnectionEnabled=true, nativeEvents=false, webStorageEnabled=true, applicationCacheEnabled=true, takesScreenshot=true}]
	at sun.reflect.NativeConstructorAccessorImpl.newInstance0(Native Method)
	at sun.reflect.NativeConstructorAccessorImpl.newInstance(NativeConstructorAccessorImpl.java:39)
	at sun.reflect.DelegatingConstructorAccessorImpl.newInstance(DelegatingConstructorAccessorImpl.java:27)
	at java.lang.reflect.Constructor.newInstance(Constructor.java:513)
	at org.openqa.selenium.remote.ErrorHandler.createThrowable(ErrorHandler.java:191)
	at org.openqa.selenium.remote.ErrorHandler.throwIfResponseFailed(ErrorHandler.java:145)
	at org.openqa.selenium.remote.RemoteWebDriver.execute(RemoteWebDriver.java:554)
	at org.openqa.selenium.remote.RemoteWebDriver.findElement(RemoteWebDriver.java:307)
	at org.openqa.selenium.remote.RemoteWebDriver.findElementByName(RemoteWebDriver.java:380)
	at org.openqa.selenium.By$ByName.findElement(By.java:292)
	at org.openqa.selenium.remote.RemoteWebDriver.findElement(RemoteWebDriver.java:299)
	at com.inmobi.qa.firefly.pages.LoginPage.login(LoginPage.java:20)
	at com.inmobi.qa.firefly.tests.WebDriverTest.verifyWebDriver(WebDriverTest.java:33)
Caused by: org.openqa.selenium.remote.ErrorHandler$UnknownServerException: Unable to locate element: {&quot;method&quot;:&quot;name&quot;,&quot;selector&quot;:&quot;Email&quot;}
Build info: version: &apos;2.35.0&apos;, revision: &apos;8df0c6bedf70ff9f22c647788f9fe9c8d22210e2&apos;, time: &apos;2013-08-17 12:46:41&apos;
System info: os.name: &apos;Mac OS X&apos;, os.arch: &apos;x86_64&apos;, os.version: &apos;10.9&apos;, java.version: &apos;1.6.0_65&apos;
Driver info: driver.version: unknown
	at &lt;anonymous class&gt;.FirefoxDriver.prototype.findElementInternal_(file:///var/folders/4h/q55tj03106q8tn3y0rgyy3m4k2wmq_/T/anonymous484794134041489777webdriver-profile/extensions/fxdriver@googlecode.com/components/driver_component.js:8880)
	at &lt;anonymous class&gt;.FirefoxDriver.prototype.findElement(file:///var/folders/4h/q55tj03106q8tn3y0rgyy3m4k2wmq_/T/anonymous484794134041489777webdriver-profile/extensions/fxdriver@googlecode.com/components/driver_component.js:8889)
	at &lt;anonymous class&gt;.DelayedCommand.prototype.executeInternal_/h(file:///var/folders/4h/q55tj03106q8tn3y0rgyy3m4k2wmq_/T/anonymous484794134041489777webdriver-profile/extensions/fxdriver@googlecode.com/components/command_processor.js:10817)
	at &lt;anonymous class&gt;.DelayedCommand.prototype.executeInternal_(file:///var/folders/4h/q55tj03106q8tn3y0rgyy3m4k2wmq_/T/anonymous484794134041489777webdriver-profile/extensions/fxdriver@googlecode.com/components/command_processor.js:10822)
	at &lt;anonymous class&gt;.DelayedCommand.prototype.execute/&lt;(file:///var/folders/4h/q55tj03106q8tn3y0rgyy3m4k2wmq_/T/anonymous484794134041489777webdriver-profile/extensions/fxdriver@googlecode.com/components/command_processor.js:10764)
</failure>
  </testcase>
  <testcase time="0.309" classname="com.inmobi.qa.firefly.tests.DataBindingCSVTest" name="verifyWebDriver">
    <failure message="Unable to locate element: {&quot;method&quot;:&quot;name&quot;,&quot;selector&quot;:&quot;Email&quot;}
Command duration or timeout: 309 milliseconds
For documentation on this error, please visit: http://seleniumhq.org/exceptions/no_such_element.html
Build info: version: &apos;2.35.0&apos;, revision: &apos;8df0c6bedf70ff9f22c647788f9fe9c8d22210e2&apos;, time: &apos;2013-08-17 12:46:41&apos;
System info: os.name: &apos;Mac OS X&apos;, os.arch: &apos;x86_64&apos;, os.version: &apos;10.9&apos;, java.version: &apos;1.6.0_65&apos;
Session ID: 664c97f3-1ce9-9147-8468-fd76151f70a1
Driver info: org.openqa.selenium.firefox.FirefoxDriver
Capabilities [{platform=MAC, acceptSslCerts=true, javascriptEnabled=true, browserName=firefox, rotatable=false, locationContextEnabled=true, version=24.0, cssSelectorsEnabled=true, databaseEnabled=true, handlesAlerts=true, browserConnectionEnabled=true, nativeEvents=false, webStorageEnabled=true, applicationCacheEnabled=true, takesScreenshot=true}]" type="org.openqa.selenium.NoSuchElementException">org.openqa.selenium.NoSuchElementException: Unable to locate element: {&quot;method&quot;:&quot;name&quot;,&quot;selector&quot;:&quot;Email&quot;}
Command duration or timeout: 309 milliseconds
For documentation on this error, please visit: http://seleniumhq.org/exceptions/no_such_element.html
Build info: version: &apos;2.35.0&apos;, revision: &apos;8df0c6bedf70ff9f22c647788f9fe9c8d22210e2&apos;, time: &apos;2013-08-17 12:46:41&apos;
System info: os.name: &apos;Mac OS X&apos;, os.arch: &apos;x86_64&apos;, os.version: &apos;10.9&apos;, java.version: &apos;1.6.0_65&apos;
Session ID: 664c97f3-1ce9-9147-8468-fd76151f70a1
Driver info: org.openqa.selenium.firefox.FirefoxDriver
Capabilities [{platform=MAC, acceptSslCerts=true, javascriptEnabled=true, browserName=firefox, rotatable=false, locationContextEnabled=true, version=24.0, cssSelectorsEnabled=true, databaseEnabled=true, handlesAlerts=true, browserConnectionEnabled=true, nativeEvents=false, webStorageEnabled=true, applicationCacheEnabled=true, takesScreenshot=true}]
	at sun.reflect.NativeConstructorAccessorImpl.newInstance0(Native Method)
	at sun.reflect.NativeConstructorAccessorImpl.newInstance(NativeConstructorAccessorImpl.java:39)
	at sun.reflect.DelegatingConstructorAccessorImpl.newInstance(DelegatingConstructorAccessorImpl.java:27)
	at java.lang.reflect.Constructor.newInstance(Constructor.java:513)
	at org.openqa.selenium.remote.ErrorHandler.createThrowable(ErrorHandler.java:191)
	at org.openqa.selenium.remote.ErrorHandler.throwIfResponseFailed(ErrorHandler.java:145)
	at org.openqa.selenium.remote.RemoteWebDriver.execute(RemoteWebDriver.java:554)
	at org.openqa.selenium.remote.RemoteWebDriver.findElement(RemoteWebDriver.java:307)
	at org.openqa.selenium.remote.RemoteWebDriver.findElementByName(RemoteWebDriver.java:380)
	at org.openqa.selenium.By$ByName.findElement(By.java:292)
	at org.openqa.selenium.remote.RemoteWebDriver.findElement(RemoteWebDriver.java:299)
	at com.inmobi.qa.firefly.pages.LoginPage.login(LoginPage.java:20)
	at com.inmobi.qa.firefly.tests.DataBindingCSVTest.verifyWebDriver(DataBindingCSVTest.java:28)
Caused by: org.openqa.selenium.remote.ErrorHandler$UnknownServerException: Unable to locate element: {&quot;method&quot;:&quot;name&quot;,&quot;selector&quot;:&quot;Email&quot;}
Build info: version: &apos;2.35.0&apos;, revision: &apos;8df0c6bedf70ff9f22c647788f9fe9c8d22210e2&apos;, time: &apos;2013-08-17 12:46:41&apos;
System info: os.name: &apos;Mac OS X&apos;, os.arch: &apos;x86_64&apos;, os.version: &apos;10.9&apos;, java.version: &apos;1.6.0_65&apos;
Driver info: driver.version: unknown
	at &lt;anonymous class&gt;.FirefoxDriver.prototype.findElementInternal_(file:///var/folders/4h/q55tj03106q8tn3y0rgyy3m4k2wmq_/T/anonymous3150045109266281778webdriver-profile/extensions/fxdriver@googlecode.com/components/driver_component.js:8880)
	at &lt;anonymous class&gt;.FirefoxDriver.prototype.findElement(file:///var/folders/4h/q55tj03106q8tn3y0rgyy3m4k2wmq_/T/anonymous3150045109266281778webdriver-profile/extensions/fxdriver@googlecode.com/components/driver_component.js:8889)
	at &lt;anonymous class&gt;.DelayedCommand.prototype.executeInternal_/h(file:///var/folders/4h/q55tj03106q8tn3y0rgyy3m4k2wmq_/T/anonymous3150045109266281778webdriver-profile/extensions/fxdriver@googlecode.com/components/command_processor.js:10817)
	at &lt;anonymous class&gt;.DelayedCommand.prototype.executeInternal_(file:///var/folders/4h/q55tj03106q8tn3y0rgyy3m4k2wmq_/T/anonymous3150045109266281778webdriver-profile/extensions/fxdriver@googlecode.com/components/command_processor.js:10822)
	at &lt;anonymous class&gt;.DelayedCommand.prototype.execute/&lt;(file:///var/folders/4h/q55tj03106q8tn3y0rgyy3m4k2wmq_/T/anonymous3150045109266281778webdriver-profile/extensions/fxdriver@googlecode.com/components/command_processor.js:10764)
</failure>
  </testcase>
  <testcase time="0.092" classname="com.inmobi.qa.firefly.tests.WebDriverTest" name="verifyWebDriver">
    <failure message="Unable to locate element: {&quot;method&quot;:&quot;name&quot;,&quot;selector&quot;:&quot;Email&quot;}
Command duration or timeout: 90 milliseconds
For documentation on this error, please visit: http://seleniumhq.org/exceptions/no_such_element.html
Build info: version: &apos;2.35.0&apos;, revision: &apos;8df0c6bedf70ff9f22c647788f9fe9c8d22210e2&apos;, time: &apos;2013-08-17 12:46:41&apos;
System info: os.name: &apos;Mac OS X&apos;, os.arch: &apos;x86_64&apos;, os.version: &apos;10.9&apos;, java.version: &apos;1.6.0_65&apos;
Session ID: 650e3260-e253-064b-bedc-82bbbe070ff9
Driver info: org.openqa.selenium.firefox.FirefoxDriver
Capabilities [{platform=MAC, acceptSslCerts=true, javascriptEnabled=true, browserName=firefox, rotatable=false, locationContextEnabled=true, version=24.0, cssSelectorsEnabled=true, databaseEnabled=true, handlesAlerts=true, browserConnectionEnabled=true, nativeEvents=false, webStorageEnabled=true, applicationCacheEnabled=true, takesScreenshot=true}]" type="org.openqa.selenium.NoSuchElementException">org.openqa.selenium.NoSuchElementException: Unable to locate element: {&quot;method&quot;:&quot;name&quot;,&quot;selector&quot;:&quot;Email&quot;}
Command duration or timeout: 90 milliseconds
For documentation on this error, please visit: http://seleniumhq.org/exceptions/no_such_element.html
Build info: version: &apos;2.35.0&apos;, revision: &apos;8df0c6bedf70ff9f22c647788f9fe9c8d22210e2&apos;, time: &apos;2013-08-17 12:46:41&apos;
System info: os.name: &apos;Mac OS X&apos;, os.arch: &apos;x86_64&apos;, os.version: &apos;10.9&apos;, java.version: &apos;1.6.0_65&apos;
Session ID: 650e3260-e253-064b-bedc-82bbbe070ff9
Driver info: org.openqa.selenium.firefox.FirefoxDriver
Capabilities [{platform=MAC, acceptSslCerts=true, javascriptEnabled=true, browserName=firefox, rotatable=false, locationContextEnabled=true, version=24.0, cssSelectorsEnabled=true, databaseEnabled=true, handlesAlerts=true, browserConnectionEnabled=true, nativeEvents=false, webStorageEnabled=true, applicationCacheEnabled=true, takesScreenshot=true}]
	at sun.reflect.NativeConstructorAccessorImpl.newInstance0(Native Method)
	at sun.reflect.NativeConstructorAccessorImpl.newInstance(NativeConstructorAccessorImpl.java:39)
	at sun.reflect.DelegatingConstructorAccessorImpl.newInstance(DelegatingConstructorAccessorImpl.java:27)
	at java.lang.reflect.Constructor.newInstance(Constructor.java:513)
	at org.openqa.selenium.remote.ErrorHandler.createThrowable(ErrorHandler.java:191)
	at org.openqa.selenium.remote.ErrorHandler.throwIfResponseFailed(ErrorHandler.java:145)
	at org.openqa.selenium.remote.RemoteWebDriver.execute(RemoteWebDriver.java:554)
	at org.openqa.selenium.remote.RemoteWebDriver.findElement(RemoteWebDriver.java:307)
	at org.openqa.selenium.remote.RemoteWebDriver.findElementByName(RemoteWebDriver.java:380)
	at org.openqa.selenium.By$ByName.findElement(By.java:292)
	at org.openqa.selenium.remote.RemoteWebDriver.findElement(RemoteWebDriver.java:299)
	at com.inmobi.qa.firefly.pages.LoginPage.login(LoginPage.java:20)
	at com.inmobi.qa.firefly.tests.WebDriverTest.verifyWebDriver(WebDriverTest.java:33)
Caused by: org.openqa.selenium.remote.ErrorHandler$UnknownServerException: Unable to locate element: {&quot;method&quot;:&quot;name&quot;,&quot;selector&quot;:&quot;Email&quot;}
Build info: version: &apos;2.35.0&apos;, revision: &apos;8df0c6bedf70ff9f22c647788f9fe9c8d22210e2&apos;, time: &apos;2013-08-17 12:46:41&apos;
System info: os.name: &apos;Mac OS X&apos;, os.arch: &apos;x86_64&apos;, os.version: &apos;10.9&apos;, java.version: &apos;1.6.0_65&apos;
Driver info: driver.version: unknown
	at &lt;anonymous class&gt;.FirefoxDriver.prototype.findElementInternal_(file:///var/folders/4h/q55tj03106q8tn3y0rgyy3m4k2wmq_/T/anonymous7828252729489641803webdriver-profile/extensions/fxdriver@googlecode.com/components/driver_component.js:8880)
	at &lt;anonymous class&gt;.FirefoxDriver.prototype.findElement(file:///var/folders/4h/q55tj03106q8tn3y0rgyy3m4k2wmq_/T/anonymous7828252729489641803webdriver-profile/extensions/fxdriver@googlecode.com/components/driver_component.js:8889)
	at &lt;anonymous class&gt;.DelayedCommand.prototype.executeInternal_/h(file:///var/folders/4h/q55tj03106q8tn3y0rgyy3m4k2wmq_/T/anonymous7828252729489641803webdriver-profile/extensions/fxdriver@googlecode.com/components/command_processor.js:10817)
	at &lt;anonymous class&gt;.DelayedCommand.prototype.executeInternal_(file:///var/folders/4h/q55tj03106q8tn3y0rgyy3m4k2wmq_/T/anonymous7828252729489641803webdriver-profile/extensions/fxdriver@googlecode.com/components/command_processor.js:10822)
	at &lt;anonymous class&gt;.DelayedCommand.prototype.execute/&lt;(file:///var/folders/4h/q55tj03106q8tn3y0rgyy3m4k2wmq_/T/anonymous7828252729489641803webdriver-profile/extensions/fxdriver@googlecode.com/components/command_processor.js:10764)
</failure>
  </testcase>
</testsuite>